{"uuid":"42c16890-3580-4eb3-8e4a-b3fa2f63064d","historyId":"bfe961a51e1b7534b22242bcf80f277b","fullName":"As user I should be able to apply for a lease/loan and land on the decision screen: The user should land on the Decision Screen with a denied decision","labels":[{"name":"tag","value":"Chrome"},{"name":"tag","value":"Web"},{"name":"tag","value":"Decision"},{"name":"tag","value":"PP3"},{"name":"tag","value":"Regression"},{"name":"host","value":"REM-XPS-ANAVAS"},{"name":"thread","value":"27528@REM-XPS-ANAVAS.TestNG-PoolService-5(30)"},{"name":"feature","value":"As user I should be able to apply for a lease/loan and land on the decision screen"},{"name":"story","value":"The user should land on the Decision Screen with a denied decision"},{"name":"suite","value":"As user I should be able to apply for a lease/loan and land on the decision screen"},{"name":"testClass","value":"The user should land on the Decision Screen with a denied decision"},{"name":"framework","value":"cucumber6jvm"},{"name":"language","value":"java"},{"name":"gherkin_uri","value":"file:///C:/TestAutomation/workspace/qa-regression-development/src/test/java/features/pp3/DecisionScreen.feature"},{"name":"package","value":"src.test.java.features.pp3.DecisionScreen_feature.As user I should be able to apply for a lease/loan and land on the decision screen"}],"links":[],"name":"The user should land on the Decision Screen with a denied decision","status":"broken","statusDetails":{"known":false,"muted":false,"flaky":false,"message":"no such frame\n  (Session info: headless chrome=108.0.5359.125)\nBuild info: version: '4.7.1', revision: 'c6795baf1a3'\nSystem info: os.name: 'Windows 10', os.arch: 'amd64', os.version: '10.0', java.version: '18.0.1'\nDriver info: org.openqa.selenium.chrome.ChromeDriver\nCommand: [fe73d5d1eb6db9f01a62c02df71d4fc2, switchToFrame {id=0}]\nCapabilities {acceptInsecureCerts: false, browserName: chrome, browserVersion: 108.0.5359.125, chrome: {chromedriverVersion: 108.0.5359.71 (1e0e3868ee06..., userDataDir: C:\\Users\\ANTONI~1.NAV\\AppDa...}, goog:chromeOptions: {debuggerAddress: localhost:64979}, networkConnectionEnabled: false, pageLoadStrategy: normal, platformName: WINDOWS, proxy: Proxy(), se:cdp: ws://localhost:64979/devtoo..., se:cdpVersion: 108.0.5359.125, setWindowRect: true, strictFileInteractability: false, timeouts: {implicit: 0, pageLoad: 300000, script: 30000}, unhandledPromptBehavior: dismiss and notify, webauthn:extension:credBlob: true, webauthn:extension:largeBlob: true, webauthn:virtualAuthenticators: true}\nSession ID: fe73d5d1eb6db9f01a62c02df71d4fc2","trace":"org.openqa.selenium.NoSuchFrameException: no such frame\n  (Session info: headless chrome=108.0.5359.125)\nBuild info: version: '4.7.1', revision: 'c6795baf1a3'\nSystem info: os.name: 'Windows 10', os.arch: 'amd64', os.version: '10.0', java.version: '18.0.1'\nDriver info: org.openqa.selenium.chrome.ChromeDriver\nCommand: [fe73d5d1eb6db9f01a62c02df71d4fc2, switchToFrame {id=0}]\nCapabilities {acceptInsecureCerts: false, browserName: chrome, browserVersion: 108.0.5359.125, chrome: {chromedriverVersion: 108.0.5359.71 (1e0e3868ee06..., userDataDir: C:\\Users\\ANTONI~1.NAV\\AppDa...}, goog:chromeOptions: {debuggerAddress: localhost:64979}, networkConnectionEnabled: false, pageLoadStrategy: normal, platformName: WINDOWS, proxy: Proxy(), se:cdp: ws://localhost:64979/devtoo..., se:cdpVersion: 108.0.5359.125, setWindowRect: true, strictFileInteractability: false, timeouts: {implicit: 0, pageLoad: 300000, script: 30000}, unhandledPromptBehavior: dismiss and notify, webauthn:extension:credBlob: true, webauthn:extension:largeBlob: true, webauthn:virtualAuthenticators: true}\nSession ID: fe73d5d1eb6db9f01a62c02df71d4fc2\r\n\tat java.base/jdk.internal.reflect.DirectConstructorHandleAccessor.newInstance(DirectConstructorHandleAccessor.java:67)\r\n\tat java.base/java.lang.reflect.Constructor.newInstanceWithCaller(Constructor.java:499)\r\n\tat java.base/java.lang.reflect.Constructor.newInstance(Constructor.java:483)\r\n\tat org.openqa.selenium.remote.codec.w3c.W3CHttpResponseCodec.createException(W3CHttpResponseCodec.java:200)\r\n\tat org.openqa.selenium.remote.codec.w3c.W3CHttpResponseCodec.decode(W3CHttpResponseCodec.java:133)\r\n\tat org.openqa.selenium.remote.codec.w3c.W3CHttpResponseCodec.decode(W3CHttpResponseCodec.java:53)\r\n\tat org.openqa.selenium.remote.HttpCommandExecutor.execute(HttpCommandExecutor.java:184)\r\n\tat org.openqa.selenium.remote.service.DriverCommandExecutor.invokeExecute(DriverCommandExecutor.java:167)\r\n\tat org.openqa.selenium.remote.service.DriverCommandExecutor.execute(DriverCommandExecutor.java:142)\r\n\tat org.openqa.selenium.remote.RemoteWebDriver.execute(RemoteWebDriver.java:551)\r\n\tat org.openqa.selenium.remote.RemoteWebDriver$RemoteTargetLocator.frame(RemoteWebDriver.java:1009)\r\n\tat utils.helpers.WebDriverHelpers.wdSwitchToFrame(WebDriverHelpers.java:63)\r\n\tat pages.pp3.EmailPage.switchToFrame(EmailPage.java:96)\r\n\tat stepdefinitions.pp3.BankingInfoSteps.theUserIsOnTheBankingInfoScreenWithEmail(BankingInfoSteps.java:21)\r\n\tat ✽.the user is on the Banking Info screen with email: \"decisionscreen.deny@flexshopper.com\"(file:///C:/TestAutomation/workspace/qa-regression-development/src/test/java/features/pp3/DecisionScreen.feature:29)\r\n"},"stage":"finished","steps":[{"name":"Given  the user is on the Banking Info screen with email: \"decisionscreen.deny@flexshopper.com\"","status":"broken","statusDetails":{"known":false,"muted":false,"flaky":false,"message":"no such frame\n  (Session info: headless chrome=108.0.5359.125)\nBuild info: version: '4.7.1', revision: 'c6795baf1a3'\nSystem info: os.name: 'Windows 10', os.arch: 'amd64', os.version: '10.0', java.version: '18.0.1'\nDriver info: org.openqa.selenium.chrome.ChromeDriver\nCommand: [fe73d5d1eb6db9f01a62c02df71d4fc2, switchToFrame {id=0}]\nCapabilities {acceptInsecureCerts: false, browserName: chrome, browserVersion: 108.0.5359.125, chrome: {chromedriverVersion: 108.0.5359.71 (1e0e3868ee06..., userDataDir: C:\\Users\\ANTONI~1.NAV\\AppDa...}, goog:chromeOptions: {debuggerAddress: localhost:64979}, networkConnectionEnabled: false, pageLoadStrategy: normal, platformName: WINDOWS, proxy: Proxy(), se:cdp: ws://localhost:64979/devtoo..., se:cdpVersion: 108.0.5359.125, setWindowRect: true, strictFileInteractability: false, timeouts: {implicit: 0, pageLoad: 300000, script: 30000}, unhandledPromptBehavior: dismiss and notify, webauthn:extension:credBlob: true, webauthn:extension:largeBlob: true, webauthn:virtualAuthenticators: true}\nSession ID: fe73d5d1eb6db9f01a62c02df71d4fc2","trace":"org.openqa.selenium.NoSuchFrameException: no such frame\n  (Session info: headless chrome=108.0.5359.125)\nBuild info: version: '4.7.1', revision: 'c6795baf1a3'\nSystem info: os.name: 'Windows 10', os.arch: 'amd64', os.version: '10.0', java.version: '18.0.1'\nDriver info: org.openqa.selenium.chrome.ChromeDriver\nCommand: [fe73d5d1eb6db9f01a62c02df71d4fc2, switchToFrame {id=0}]\nCapabilities {acceptInsecureCerts: false, browserName: chrome, browserVersion: 108.0.5359.125, chrome: {chromedriverVersion: 108.0.5359.71 (1e0e3868ee06..., userDataDir: C:\\Users\\ANTONI~1.NAV\\AppDa...}, goog:chromeOptions: {debuggerAddress: localhost:64979}, networkConnectionEnabled: false, pageLoadStrategy: normal, platformName: WINDOWS, proxy: Proxy(), se:cdp: ws://localhost:64979/devtoo..., se:cdpVersion: 108.0.5359.125, setWindowRect: true, strictFileInteractability: false, timeouts: {implicit: 0, pageLoad: 300000, script: 30000}, unhandledPromptBehavior: dismiss and notify, webauthn:extension:credBlob: true, webauthn:extension:largeBlob: true, webauthn:virtualAuthenticators: true}\nSession ID: fe73d5d1eb6db9f01a62c02df71d4fc2\r\n\tat java.base/jdk.internal.reflect.DirectConstructorHandleAccessor.newInstance(DirectConstructorHandleAccessor.java:67)\r\n\tat java.base/java.lang.reflect.Constructor.newInstanceWithCaller(Constructor.java:499)\r\n\tat java.base/java.lang.reflect.Constructor.newInstance(Constructor.java:483)\r\n\tat org.openqa.selenium.remote.codec.w3c.W3CHttpResponseCodec.createException(W3CHttpResponseCodec.java:200)\r\n\tat org.openqa.selenium.remote.codec.w3c.W3CHttpResponseCodec.decode(W3CHttpResponseCodec.java:133)\r\n\tat org.openqa.selenium.remote.codec.w3c.W3CHttpResponseCodec.decode(W3CHttpResponseCodec.java:53)\r\n\tat org.openqa.selenium.remote.HttpCommandExecutor.execute(HttpCommandExecutor.java:184)\r\n\tat org.openqa.selenium.remote.service.DriverCommandExecutor.invokeExecute(DriverCommandExecutor.java:167)\r\n\tat org.openqa.selenium.remote.service.DriverCommandExecutor.execute(DriverCommandExecutor.java:142)\r\n\tat org.openqa.selenium.remote.RemoteWebDriver.execute(RemoteWebDriver.java:551)\r\n\tat org.openqa.selenium.remote.RemoteWebDriver$RemoteTargetLocator.frame(RemoteWebDriver.java:1009)\r\n\tat utils.helpers.WebDriverHelpers.wdSwitchToFrame(WebDriverHelpers.java:63)\r\n\tat pages.pp3.EmailPage.switchToFrame(EmailPage.java:96)\r\n\tat stepdefinitions.pp3.BankingInfoSteps.theUserIsOnTheBankingInfoScreenWithEmail(BankingInfoSteps.java:21)\r\n\tat ✽.the user is on the Banking Info screen with email: \"decisionscreen.deny@flexshopper.com\"(file:///C:/TestAutomation/workspace/qa-regression-development/src/test/java/features/pp3/DecisionScreen.feature:29)\r\n"},"stage":"finished","steps":[],"attachments":[],"parameters":[],"start":1672953008274,"stop":1672953107806},{"name":"And  the user enters a valid routing number: \"325070760\"","status":"skipped","statusDetails":{"known":false,"muted":false,"flaky":false},"stage":"finished","steps":[],"attachments":[],"parameters":[],"start":1672953107808,"stop":1672953107809},{"name":"And  the user enters a valid account number: \"3333333333\"","status":"skipped","statusDetails":{"known":false,"muted":false,"flaky":false},"stage":"finished","steps":[],"attachments":[],"parameters":[],"start":1672953107810,"stop":1672953107812},{"name":"And  the user enters a matching account number: \"3333333333\"","status":"skipped","statusDetails":{"known":false,"muted":false,"flaky":false},"stage":"finished","steps":[],"attachments":[],"parameters":[],"start":1672953107813,"stop":1672953107813},{"name":"When  the user clicks on the button: \"Submit Application\"","status":"skipped","statusDetails":{"known":false,"muted":false,"flaky":false},"stage":"finished","steps":[],"attachments":[],"parameters":[],"start":1672953107814,"stop":1672953107814},{"name":"Then  the user lands on the Decision Screen with decision: \"You did not qualify for a spending limit\"","status":"skipped","statusDetails":{"known":false,"muted":false,"flaky":false},"stage":"finished","steps":[],"attachments":[],"parameters":[],"start":1672953107815,"stop":1672953107815}],"attachments":[],"parameters":[{"name":"routingNumber","value":"325070760"},{"name":"accountNumber","value":"3333333333"},{"name":"confirmAccNumber","value":"3333333333"},{"name":"decision","value":"You did not qualify for a spending limit"}],"start":1672953005533,"stop":1672953108082}